0 info it worked if it ends with ok
1 verbose cli [ 'C:\\Program Files\\nodejs\\node.exe',
1 verbose cli   'C:\\Program Files\\nodejs\\node_modules\\npm\\bin\\npm-cli.js',
1 verbose cli   'i',
1 verbose cli   'gulp-less',
1 verbose cli   'gulp-clean-css',
1 verbose cli   'browser-sync',
1 verbose cli   'gulp-typescript',
1 verbose cli   'gulp-concat',
1 verbose cli   'gulp-requirejs-optimize',
1 verbose cli   'gulp-uglify',
1 verbose cli   'gulp-minify-css',
1 verbose cli   'less',
1 verbose cli   'express',
1 verbose cli   'typescript',
1 verbose cli   'gulp-sourcemaps',
1 verbose cli   'gulp-autoprefixer',
1 verbose cli   'bower',
1 verbose cli   'aurelia-cli',
1 verbose cli   'yo',
1 verbose cli   'generor-aurelia',
1 verbose cli   'generator-aspnet',
1 verbose cli   'node-static' ]
2 info using npm@3.10.10
3 info using node@v6.10.0
4 silly loadCurrentTree Starting
5 silly install loadCurrentTree
6 silly install readLocalPackageData
7 silly fetchPackageMetaData gulp-less@^3.1.0
8 silly fetchPackageMetaData gulp-clean-css
9 silly fetchPackageMetaData browser-sync@^2.17.5
10 silly fetchPackageMetaData gulp-typescript
11 silly fetchPackageMetaData gulp-concat@^2.6.0
12 silly fetchPackageMetaData gulp-requirejs-optimize
13 silly fetchPackageMetaData gulp-uglify@^2.0.0
14 silly fetchPackageMetaData gulp-minify-css
15 silly fetchPackageMetaData less
16 silly fetchPackageMetaData express
17 silly fetchPackageMetaData typescript
18 silly fetchPackageMetaData gulp-sourcemaps@^2.2.0
19 silly fetchPackageMetaData gulp-autoprefixer@^3.1.1
20 silly fetchPackageMetaData bower
21 silly fetchPackageMetaData aurelia-cli
22 silly fetchPackageMetaData yo
23 silly fetchPackageMetaData generor-aurelia
24 silly fetchPackageMetaData generator-aspnet
25 silly fetchPackageMetaData node-static
26 silly fetchNamedPackageData gulp-less
27 silly mapToRegistry name gulp-less
28 silly mapToRegistry using default registry
29 silly mapToRegistry registry https://registry.npmjs.org/
30 silly mapToRegistry data Result {
30 silly mapToRegistry   raw: 'gulp-less',
30 silly mapToRegistry   scope: null,
30 silly mapToRegistry   escapedName: 'gulp-less',
30 silly mapToRegistry   name: 'gulp-less',
30 silly mapToRegistry   rawSpec: '',
30 silly mapToRegistry   spec: 'latest',
30 silly mapToRegistry   type: 'tag' }
31 silly mapToRegistry uri https://registry.npmjs.org/gulp-less
32 silly fetchNamedPackageData browser-sync
33 silly mapToRegistry name browser-sync
34 silly mapToRegistry using default registry
35 silly mapToRegistry registry https://registry.npmjs.org/
36 silly mapToRegistry data Result {
36 silly mapToRegistry   raw: 'browser-sync',
36 silly mapToRegistry   scope: null,
36 silly mapToRegistry   escapedName: 'browser-sync',
36 silly mapToRegistry   name: 'browser-sync',
36 silly mapToRegistry   rawSpec: '',
36 silly mapToRegistry   spec: 'latest',
36 silly mapToRegistry   type: 'tag' }
37 silly mapToRegistry uri https://registry.npmjs.org/browser-sync
38 silly fetchNamedPackageData gulp-concat
39 silly mapToRegistry name gulp-concat
40 silly mapToRegistry using default registry
41 silly mapToRegistry registry https://registry.npmjs.org/
42 silly mapToRegistry data Result {
42 silly mapToRegistry   raw: 'gulp-concat',
42 silly mapToRegistry   scope: null,
42 silly mapToRegistry   escapedName: 'gulp-concat',
42 silly mapToRegistry   name: 'gulp-concat',
42 silly mapToRegistry   rawSpec: '',
42 silly mapToRegistry   spec: 'latest',
42 silly mapToRegistry   type: 'tag' }
43 silly mapToRegistry uri https://registry.npmjs.org/gulp-concat
44 silly fetchNamedPackageData gulp-uglify
45 silly mapToRegistry name gulp-uglify
46 silly mapToRegistry using default registry
47 silly mapToRegistry registry https://registry.npmjs.org/
48 silly mapToRegistry data Result {
48 silly mapToRegistry   raw: 'gulp-uglify',
48 silly mapToRegistry   scope: null,
48 silly mapToRegistry   escapedName: 'gulp-uglify',
48 silly mapToRegistry   name: 'gulp-uglify',
48 silly mapToRegistry   rawSpec: '',
48 silly mapToRegistry   spec: 'latest',
48 silly mapToRegistry   type: 'tag' }
49 silly mapToRegistry uri https://registry.npmjs.org/gulp-uglify
50 silly fetchNamedPackageData gulp-sourcemaps
51 silly mapToRegistry name gulp-sourcemaps
52 silly mapToRegistry using default registry
53 silly mapToRegistry registry https://registry.npmjs.org/
54 silly mapToRegistry data Result {
54 silly mapToRegistry   raw: 'gulp-sourcemaps',
54 silly mapToRegistry   scope: null,
54 silly mapToRegistry   escapedName: 'gulp-sourcemaps',
54 silly mapToRegistry   name: 'gulp-sourcemaps',
54 silly mapToRegistry   rawSpec: '',
54 silly mapToRegistry   spec: 'latest',
54 silly mapToRegistry   type: 'tag' }
55 silly mapToRegistry uri https://registry.npmjs.org/gulp-sourcemaps
56 silly fetchNamedPackageData gulp-autoprefixer
57 silly mapToRegistry name gulp-autoprefixer
58 silly mapToRegistry using default registry
59 silly mapToRegistry registry https://registry.npmjs.org/
60 silly mapToRegistry data Result {
60 silly mapToRegistry   raw: 'gulp-autoprefixer',
60 silly mapToRegistry   scope: null,
60 silly mapToRegistry   escapedName: 'gulp-autoprefixer',
60 silly mapToRegistry   name: 'gulp-autoprefixer',
60 silly mapToRegistry   rawSpec: '',
60 silly mapToRegistry   spec: 'latest',
60 silly mapToRegistry   type: 'tag' }
61 silly mapToRegistry uri https://registry.npmjs.org/gulp-autoprefixer
62 silly fetchNamedPackageData gulp-clean-css
63 silly mapToRegistry name gulp-clean-css
64 silly mapToRegistry using default registry
65 silly mapToRegistry registry https://registry.npmjs.org/
66 silly mapToRegistry data Result {
66 silly mapToRegistry   raw: 'gulp-clean-css',
66 silly mapToRegistry   scope: null,
66 silly mapToRegistry   escapedName: 'gulp-clean-css',
66 silly mapToRegistry   name: 'gulp-clean-css',
66 silly mapToRegistry   rawSpec: '',
66 silly mapToRegistry   spec: 'latest',
66 silly mapToRegistry   type: 'tag' }
67 silly mapToRegistry uri https://registry.npmjs.org/gulp-clean-css
68 silly fetchNamedPackageData gulp-typescript
69 silly mapToRegistry name gulp-typescript
70 silly mapToRegistry using default registry
71 silly mapToRegistry registry https://registry.npmjs.org/
72 silly mapToRegistry data Result {
72 silly mapToRegistry   raw: 'gulp-typescript',
72 silly mapToRegistry   scope: null,
72 silly mapToRegistry   escapedName: 'gulp-typescript',
72 silly mapToRegistry   name: 'gulp-typescript',
72 silly mapToRegistry   rawSpec: '',
72 silly mapToRegistry   spec: 'latest',
72 silly mapToRegistry   type: 'tag' }
73 silly mapToRegistry uri https://registry.npmjs.org/gulp-typescript
74 silly fetchNamedPackageData gulp-requirejs-optimize
75 silly mapToRegistry name gulp-requirejs-optimize
76 silly mapToRegistry using default registry
77 silly mapToRegistry registry https://registry.npmjs.org/
78 silly mapToRegistry data Result {
78 silly mapToRegistry   raw: 'gulp-requirejs-optimize',
78 silly mapToRegistry   scope: null,
78 silly mapToRegistry   escapedName: 'gulp-requirejs-optimize',
78 silly mapToRegistry   name: 'gulp-requirejs-optimize',
78 silly mapToRegistry   rawSpec: '',
78 silly mapToRegistry   spec: 'latest',
78 silly mapToRegistry   type: 'tag' }
79 silly mapToRegistry uri https://registry.npmjs.org/gulp-requirejs-optimize
80 silly fetchNamedPackageData gulp-minify-css
81 silly mapToRegistry name gulp-minify-css
82 silly mapToRegistry using default registry
83 silly mapToRegistry registry https://registry.npmjs.org/
84 silly mapToRegistry data Result {
84 silly mapToRegistry   raw: 'gulp-minify-css',
84 silly mapToRegistry   scope: null,
84 silly mapToRegistry   escapedName: 'gulp-minify-css',
84 silly mapToRegistry   name: 'gulp-minify-css',
84 silly mapToRegistry   rawSpec: '',
84 silly mapToRegistry   spec: 'latest',
84 silly mapToRegistry   type: 'tag' }
85 silly mapToRegistry uri https://registry.npmjs.org/gulp-minify-css
86 silly fetchNamedPackageData less
87 silly mapToRegistry name less
88 silly mapToRegistry using default registry
89 silly mapToRegistry registry https://registry.npmjs.org/
90 silly mapToRegistry data Result {
90 silly mapToRegistry   raw: 'less',
90 silly mapToRegistry   scope: null,
90 silly mapToRegistry   escapedName: 'less',
90 silly mapToRegistry   name: 'less',
90 silly mapToRegistry   rawSpec: '',
90 silly mapToRegistry   spec: 'latest',
90 silly mapToRegistry   type: 'tag' }
91 silly mapToRegistry uri https://registry.npmjs.org/less
92 silly fetchNamedPackageData express
93 silly mapToRegistry name express
94 silly mapToRegistry using default registry
95 silly mapToRegistry registry https://registry.npmjs.org/
96 silly mapToRegistry data Result {
96 silly mapToRegistry   raw: 'express',
96 silly mapToRegistry   scope: null,
96 silly mapToRegistry   escapedName: 'express',
96 silly mapToRegistry   name: 'express',
96 silly mapToRegistry   rawSpec: '',
96 silly mapToRegistry   spec: 'latest',
96 silly mapToRegistry   type: 'tag' }
97 silly mapToRegistry uri https://registry.npmjs.org/express
98 silly fetchNamedPackageData typescript
99 silly mapToRegistry name typescript
100 silly mapToRegistry using default registry
101 silly mapToRegistry registry https://registry.npmjs.org/
102 silly mapToRegistry data Result {
102 silly mapToRegistry   raw: 'typescript',
102 silly mapToRegistry   scope: null,
102 silly mapToRegistry   escapedName: 'typescript',
102 silly mapToRegistry   name: 'typescript',
102 silly mapToRegistry   rawSpec: '',
102 silly mapToRegistry   spec: 'latest',
102 silly mapToRegistry   type: 'tag' }
103 silly mapToRegistry uri https://registry.npmjs.org/typescript
104 silly fetchNamedPackageData bower
105 silly mapToRegistry name bower
106 silly mapToRegistry using default registry
107 silly mapToRegistry registry https://registry.npmjs.org/
108 silly mapToRegistry data Result {
108 silly mapToRegistry   raw: 'bower',
108 silly mapToRegistry   scope: null,
108 silly mapToRegistry   escapedName: 'bower',
108 silly mapToRegistry   name: 'bower',
108 silly mapToRegistry   rawSpec: '',
108 silly mapToRegistry   spec: 'latest',
108 silly mapToRegistry   type: 'tag' }
109 silly mapToRegistry uri https://registry.npmjs.org/bower
110 silly fetchNamedPackageData aurelia-cli
111 silly mapToRegistry name aurelia-cli
112 silly mapToRegistry using default registry
113 silly mapToRegistry registry https://registry.npmjs.org/
114 silly mapToRegistry data Result {
114 silly mapToRegistry   raw: 'aurelia-cli',
114 silly mapToRegistry   scope: null,
114 silly mapToRegistry   escapedName: 'aurelia-cli',
114 silly mapToRegistry   name: 'aurelia-cli',
114 silly mapToRegistry   rawSpec: '',
114 silly mapToRegistry   spec: 'latest',
114 silly mapToRegistry   type: 'tag' }
115 silly mapToRegistry uri https://registry.npmjs.org/aurelia-cli
116 silly fetchNamedPackageData yo
117 silly mapToRegistry name yo
118 silly mapToRegistry using default registry
119 silly mapToRegistry registry https://registry.npmjs.org/
120 silly mapToRegistry data Result {
120 silly mapToRegistry   raw: 'yo',
120 silly mapToRegistry   scope: null,
120 silly mapToRegistry   escapedName: 'yo',
120 silly mapToRegistry   name: 'yo',
120 silly mapToRegistry   rawSpec: '',
120 silly mapToRegistry   spec: 'latest',
120 silly mapToRegistry   type: 'tag' }
121 silly mapToRegistry uri https://registry.npmjs.org/yo
122 silly fetchNamedPackageData generor-aurelia
123 silly mapToRegistry name generor-aurelia
124 silly mapToRegistry using default registry
125 silly mapToRegistry registry https://registry.npmjs.org/
126 silly mapToRegistry data Result {
126 silly mapToRegistry   raw: 'generor-aurelia',
126 silly mapToRegistry   scope: null,
126 silly mapToRegistry   escapedName: 'generor-aurelia',
126 silly mapToRegistry   name: 'generor-aurelia',
126 silly mapToRegistry   rawSpec: '',
126 silly mapToRegistry   spec: 'latest',
126 silly mapToRegistry   type: 'tag' }
127 silly mapToRegistry uri https://registry.npmjs.org/generor-aurelia
128 silly fetchNamedPackageData generator-aspnet
129 silly mapToRegistry name generator-aspnet
130 silly mapToRegistry using default registry
131 silly mapToRegistry registry https://registry.npmjs.org/
132 silly mapToRegistry data Result {
132 silly mapToRegistry   raw: 'generator-aspnet',
132 silly mapToRegistry   scope: null,
132 silly mapToRegistry   escapedName: 'generator-aspnet',
132 silly mapToRegistry   name: 'generator-aspnet',
132 silly mapToRegistry   rawSpec: '',
132 silly mapToRegistry   spec: 'latest',
132 silly mapToRegistry   type: 'tag' }
133 silly mapToRegistry uri https://registry.npmjs.org/generator-aspnet
134 silly fetchNamedPackageData node-static
135 silly mapToRegistry name node-static
136 silly mapToRegistry using default registry
137 silly mapToRegistry registry https://registry.npmjs.org/
138 silly mapToRegistry data Result {
138 silly mapToRegistry   raw: 'node-static',
138 silly mapToRegistry   scope: null,
138 silly mapToRegistry   escapedName: 'node-static',
138 silly mapToRegistry   name: 'node-static',
138 silly mapToRegistry   rawSpec: '',
138 silly mapToRegistry   spec: 'latest',
138 silly mapToRegistry   type: 'tag' }
139 silly mapToRegistry uri https://registry.npmjs.org/node-static
140 verbose request uri https://registry.npmjs.org/gulp-less
141 verbose request no auth needed
142 info attempt registry request try #1 at 15:10:54
143 verbose request id 267c73e2299d3574
144 http request GET https://registry.npmjs.org/gulp-less
145 verbose request uri https://registry.npmjs.org/browser-sync
146 verbose request no auth needed
147 info attempt registry request try #1 at 15:10:54
148 http request GET https://registry.npmjs.org/browser-sync
149 verbose request uri https://registry.npmjs.org/gulp-concat
150 verbose request no auth needed
151 info attempt registry request try #1 at 15:10:54
152 http request GET https://registry.npmjs.org/gulp-concat
153 verbose request uri https://registry.npmjs.org/gulp-uglify
154 verbose request no auth needed
155 info attempt registry request try #1 at 15:10:54
156 http request GET https://registry.npmjs.org/gulp-uglify
157 verbose request uri https://registry.npmjs.org/gulp-sourcemaps
158 verbose request no auth needed
159 info attempt registry request try #1 at 15:10:54
160 http request GET https://registry.npmjs.org/gulp-sourcemaps
161 verbose request uri https://registry.npmjs.org/gulp-autoprefixer
162 verbose request no auth needed
163 info attempt registry request try #1 at 15:10:54
164 http request GET https://registry.npmjs.org/gulp-autoprefixer
165 verbose request uri https://registry.npmjs.org/gulp-clean-css
166 verbose request no auth needed
167 info attempt registry request try #1 at 15:10:54
168 http request GET https://registry.npmjs.org/gulp-clean-css
169 verbose request uri https://registry.npmjs.org/gulp-typescript
170 verbose request no auth needed
171 info attempt registry request try #1 at 15:10:54
172 http request GET https://registry.npmjs.org/gulp-typescript
173 verbose request uri https://registry.npmjs.org/gulp-requirejs-optimize
174 verbose request no auth needed
175 info attempt registry request try #1 at 15:10:54
176 http request GET https://registry.npmjs.org/gulp-requirejs-optimize
177 verbose request uri https://registry.npmjs.org/gulp-minify-css
178 verbose request no auth needed
179 info attempt registry request try #1 at 15:10:54
180 http request GET https://registry.npmjs.org/gulp-minify-css
181 verbose request uri https://registry.npmjs.org/less
182 verbose request no auth needed
183 info attempt registry request try #1 at 15:10:54
184 http request GET https://registry.npmjs.org/less
185 verbose request uri https://registry.npmjs.org/express
186 verbose request no auth needed
187 info attempt registry request try #1 at 15:10:54
188 http request GET https://registry.npmjs.org/express
189 verbose request uri https://registry.npmjs.org/typescript
190 verbose request no auth needed
191 info attempt registry request try #1 at 15:10:54
192 http request GET https://registry.npmjs.org/typescript
193 verbose request uri https://registry.npmjs.org/aurelia-cli
194 verbose request no auth needed
195 info attempt registry request try #1 at 15:10:54
196 http request GET https://registry.npmjs.org/aurelia-cli
197 verbose request uri https://registry.npmjs.org/yo
198 verbose request no auth needed
199 info attempt registry request try #1 at 15:10:54
200 http request GET https://registry.npmjs.org/yo
201 verbose request uri https://registry.npmjs.org/generor-aurelia
202 verbose request no auth needed
203 info attempt registry request try #1 at 15:10:54
204 http request GET https://registry.npmjs.org/generor-aurelia
205 verbose request uri https://registry.npmjs.org/generator-aspnet
206 verbose request no auth needed
207 info attempt registry request try #1 at 15:10:54
208 http request GET https://registry.npmjs.org/generator-aspnet
209 verbose request uri https://registry.npmjs.org/node-static
210 verbose request no auth needed
211 info attempt registry request try #1 at 15:10:54
212 http request GET https://registry.npmjs.org/node-static
213 verbose request uri https://registry.npmjs.org/bower
214 verbose request no auth needed
215 info attempt registry request try #1 at 15:10:54
216 verbose etag W/"58b638ae-2ae6f"
217 verbose lastModified Wed, 01 Mar 2017 02:57:50 GMT
218 http request GET https://registry.npmjs.org/bower
219 http 200 https://registry.npmjs.org/gulp-less
220 verbose headers { server: 'nginx/1.10.1',
220 verbose headers   'content-type': 'application/json',
220 verbose headers   'last-modified': 'Wed, 11 Jan 2017 13:20:59 GMT',
220 verbose headers   etag: 'W/"5876313b-e3ac"',
220 verbose headers   'content-encoding': 'gzip',
220 verbose headers   'cache-control': 'max-age=300',
220 verbose headers   'content-length': '7566',
220 verbose headers   'accept-ranges': 'bytes',
220 verbose headers   date: 'Sat, 04 Mar 2017 13:10:54 GMT',
220 verbose headers   via: '1.1 varnish',
220 verbose headers   age: '293',
220 verbose headers   connection: 'keep-alive',
220 verbose headers   'x-served-by': 'cache-hhn1528-HHN',
220 verbose headers   'x-cache': 'HIT',
220 verbose headers   'x-cache-hits': '1',
220 verbose headers   'x-timer': 'S1488633054.346081,VS0,VE0',
220 verbose headers   vary: 'Accept-Encoding' }
221 silly get cb [ 200,
221 silly get   { server: 'nginx/1.10.1',
221 silly get     'content-type': 'application/json',
221 silly get     'last-modified': 'Wed, 11 Jan 2017 13:20:59 GMT',
221 silly get     etag: 'W/"5876313b-e3ac"',
221 silly get     'content-encoding': 'gzip',
221 silly get     'cache-control': 'max-age=300',
221 silly get     'content-length': '7566',
221 silly get     'accept-ranges': 'bytes',
221 silly get     date: 'Sat, 04 Mar 2017 13:10:54 GMT',
221 silly get     via: '1.1 varnish',
221 silly get     age: '293',
221 silly get     connection: 'keep-alive',
221 silly get     'x-served-by': 'cache-hhn1528-HHN',
221 silly get     'x-cache': 'HIT',
221 silly get     'x-cache-hits': '1',
221 silly get     'x-timer': 'S1488633054.346081,VS0,VE0',
221 silly get     vary: 'Accept-Encoding' } ]
222 verbose get saving gulp-less to C:\Users\User\AppData\Roaming\npm-cache\registry.npmjs.org\gulp-less\.cache.json
223 verbose correctMkdir C:\Users\User\AppData\Roaming\npm-cache correctMkdir not in flight; initializing
224 http 200 https://registry.npmjs.org/gulp-uglify
225 verbose headers { server: 'nginx/1.10.1',
225 verbose headers   'content-type': 'application/json',
225 verbose headers   'last-modified': 'Thu, 02 Mar 2017 06:28:19 GMT',
225 verbose headers   etag: 'W/"58b7bb83-c3bc"',
225 verbose headers   'content-encoding': 'gzip',
225 verbose headers   'cache-control': 'max-age=300',
225 verbose headers   'content-length': '9427',
225 verbose headers   'accept-ranges': 'bytes',
225 verbose headers   date: 'Sat, 04 Mar 2017 13:10:54 GMT',
225 verbose headers   via: '1.1 varnish',
225 verbose headers   age: '239',
225 verbose headers   connection: 'keep-alive',
225 verbose headers   'x-served-by': 'cache-hhn1531-HHN',
225 verbose headers   'x-cache': 'HIT',
225 verbose headers   'x-cache-hits': '1',
225 verbose headers   'x-timer': 'S1488633054.345964,VS0,VE0',
225 verbose headers   vary: 'Accept-Encoding' }
226 silly get cb [ 200,
226 silly get   { server: 'nginx/1.10.1',
226 silly get     'content-type': 'application/json',
226 silly get     'last-modified': 'Thu, 02 Mar 2017 06:28:19 GMT',
226 silly get     etag: 'W/"58b7bb83-c3bc"',
226 silly get     'content-encoding': 'gzip',
226 silly get     'cache-control': 'max-age=300',
226 silly get     'content-length': '9427',
226 silly get     'accept-ranges': 'bytes',
226 silly get     date: 'Sat, 04 Mar 2017 13:10:54 GMT',
226 silly get     via: '1.1 varnish',
226 silly get     age: '239',
226 silly get     connection: 'keep-alive',
226 silly get     'x-served-by': 'cache-hhn1531-HHN',
226 silly get     'x-cache': 'HIT',
226 silly get     'x-cache-hits': '1',
226 silly get     'x-timer': 'S1488633054.345964,VS0,VE0',
226 silly get     vary: 'Accept-Encoding' } ]
227 verbose get saving gulp-uglify to C:\Users\User\AppData\Roaming\npm-cache\registry.npmjs.org\gulp-uglify\.cache.json
228 verbose correctMkdir C:\Users\User\AppData\Roaming\npm-cache correctMkdir already in flight; waiting
229 http 200 https://registry.npmjs.org/gulp-sourcemaps
230 verbose headers { server: 'nginx/1.10.1',
230 verbose headers   'content-type': 'application/json',
230 verbose headers   'last-modified': 'Fri, 03 Mar 2017 19:19:22 GMT',
230 verbose headers   etag: 'W/"58b9c1ba-1ae70"',
230 verbose headers   'content-encoding': 'gzip',
230 verbose headers   'cache-control': 'max-age=300',
230 verbose headers   'content-length': '12690',
230 verbose headers   'accept-ranges': 'bytes',
230 verbose headers   date: 'Sat, 04 Mar 2017 13:10:54 GMT',
230 verbose headers   via: '1.1 varnish',
230 verbose headers   age: '30',
230 verbose headers   connection: 'keep-alive',
230 verbose headers   'x-served-by': 'cache-hhn1541-HHN',
230 verbose headers   'x-cache': 'HIT',
230 verbose headers   'x-cache-hits': '1',
230 verbose headers   'x-timer': 'S1488633054.346807,VS0,VE0',
230 verbose headers   vary: 'Accept-Encoding' }
231 silly get cb [ 200,
231 silly get   { server: 'nginx/1.10.1',
231 silly get     'content-type': 'application/json',
231 silly get     'last-modified': 'Fri, 03 Mar 2017 19:19:22 GMT',
231 silly get     etag: 'W/"58b9c1ba-1ae70"',
231 silly get     'content-encoding': 'gzip',
231 silly get     'cache-control': 'max-age=300',
231 silly get     'content-length': '12690',
231 silly get     'accept-ranges': 'bytes',
231 silly get     date: 'Sat, 04 Mar 2017 13:10:54 GMT',
231 silly get     via: '1.1 varnish',
231 silly get     age: '30',
231 silly get     connection: 'keep-alive',
231 silly get     'x-served-by': 'cache-hhn1541-HHN',
231 silly get     'x-cache': 'HIT',
231 silly get     'x-cache-hits': '1',
231 silly get     'x-timer': 'S1488633054.346807,VS0,VE0',
231 silly get     vary: 'Accept-Encoding' } ]
232 verbose get saving gulp-sourcemaps to C:\Users\User\AppData\Roaming\npm-cache\registry.npmjs.org\gulp-sourcemaps\.cache.json
233 verbose correctMkdir C:\Users\User\AppData\Roaming\npm-cache correctMkdir not in flight; initializing
234 http 200 https://registry.npmjs.org/gulp-autoprefixer
235 verbose headers { server: 'nginx/1.10.1',
235 verbose headers   'content-type': 'application/json',
235 verbose headers   'last-modified': 'Mon, 27 Feb 2017 02:33:58 GMT',
235 verbose headers   etag: 'W/"58b39016-8a45"',
235 verbose headers   'content-encoding': 'gzip',
235 verbose headers   'cache-control': 'max-age=300',
235 verbose headers   'content-length': '6090',
235 verbose headers   'accept-ranges': 'bytes',
235 verbose headers   date: 'Sat, 04 Mar 2017 13:10:54 GMT',
235 verbose headers   via: '1.1 varnish',
235 verbose headers   age: '110',
235 verbose headers   connection: 'keep-alive',
235 verbose headers   'x-served-by': 'cache-hhn1529-HHN',
235 verbose headers   'x-cache': 'HIT',
235 verbose headers   'x-cache-hits': '2',
235 verbose headers   'x-timer': 'S1488633054.359220,VS0,VE0',
235 verbose headers   vary: 'Accept-Encoding' }
236 silly get cb [ 200,
236 silly get   { server: 'nginx/1.10.1',
236 silly get     'content-type': 'application/json',
236 silly get     'last-modified': 'Mon, 27 Feb 2017 02:33:58 GMT',
236 silly get     etag: 'W/"58b39016-8a45"',
236 silly get     'content-encoding': 'gzip',
236 silly get     'cache-control': 'max-age=300',
236 silly get     'content-length': '6090',
236 silly get     'accept-ranges': 'bytes',
236 silly get     date: 'Sat, 04 Mar 2017 13:10:54 GMT',
236 silly get     via: '1.1 varnish',
236 silly get     age: '110',
236 silly get     connection: 'keep-alive',
236 silly get     'x-served-by': 'cache-hhn1529-HHN',
236 silly get     'x-cache': 'HIT',
236 silly get     'x-cache-hits': '2',
236 silly get     'x-timer': 'S1488633054.359220,VS0,VE0',
236 silly get     vary: 'Accept-Encoding' } ]
237 verbose get saving gulp-autoprefixer to C:\Users\User\AppData\Roaming\npm-cache\registry.npmjs.org\gulp-autoprefixer\.cache.json
238 verbose correctMkdir C:\Users\User\AppData\Roaming\npm-cache correctMkdir not in flight; initializing
239 http 200 https://registry.npmjs.org/gulp-concat
240 verbose headers { server: 'nginx/1.10.1',
240 verbose headers   'content-type': 'application/json',
240 verbose headers   'last-modified': 'Thu, 02 Mar 2017 06:28:10 GMT',
240 verbose headers   etag: 'W/"58b7bb7a-a281"',
240 verbose headers   'content-encoding': 'gzip',
240 verbose headers   'cache-control': 'max-age=300',
240 verbose headers   'content-length': '6960',
240 verbose headers   'accept-ranges': 'bytes',
240 verbose headers   date: 'Sat, 04 Mar 2017 13:10:54 GMT',
240 verbose headers   via: '1.1 varnish',
240 verbose headers   age: '262',
240 verbose headers   connection: 'keep-alive',
240 verbose headers   'x-served-by': 'cache-hhn1538-HHN',
240 verbose headers   'x-cache': 'HIT',
240 verbose headers   'x-cache-hits': '1',
240 verbose headers   'x-timer': 'S1488633054.359809,VS0,VE0',
240 verbose headers   vary: 'Accept-Encoding' }
241 silly get cb [ 200,
241 silly get   { server: 'nginx/1.10.1',
241 silly get     'content-type': 'application/json',
241 silly get     'last-modified': 'Thu, 02 Mar 2017 06:28:10 GMT',
241 silly get     etag: 'W/"58b7bb7a-a281"',
241 silly get     'content-encoding': 'gzip',
241 silly get     'cache-control': 'max-age=300',
241 silly get     'content-length': '6960',
241 silly get     'accept-ranges': 'bytes',
241 silly get     date: 'Sat, 04 Mar 2017 13:10:54 GMT',
241 silly get     via: '1.1 varnish',
241 silly get     age: '262',
241 silly get     connection: 'keep-alive',
241 silly get     'x-served-by': 'cache-hhn1538-HHN',
241 silly get     'x-cache': 'HIT',
241 silly get     'x-cache-hits': '1',
241 silly get     'x-timer': 'S1488633054.359809,VS0,VE0',
241 silly get     vary: 'Accept-Encoding' } ]
242 verbose get saving gulp-concat to C:\Users\User\AppData\Roaming\npm-cache\registry.npmjs.org\gulp-concat\.cache.json
243 verbose correctMkdir C:\Users\User\AppData\Roaming\npm-cache correctMkdir not in flight; initializing
244 http 200 https://registry.npmjs.org/gulp-requirejs-optimize
245 verbose headers { server: 'nginx/1.10.1',
245 verbose headers   'content-type': 'application/json',
245 verbose headers   'last-modified': 'Wed, 01 Mar 2017 06:43:56 GMT',
245 verbose headers   etag: 'W/"58b66dac-5c12"',
245 verbose headers   'content-encoding': 'gzip',
245 verbose headers   'cache-control': 'max-age=300',
245 verbose headers   'content-length': '4168',
245 verbose headers   'accept-ranges': 'bytes',
245 verbose headers   date: 'Sat, 04 Mar 2017 13:10:54 GMT',
245 verbose headers   via: '1.1 varnish',
245 verbose headers   age: '0',
245 verbose headers   connection: 'keep-alive',
245 verbose headers   'x-served-by': 'cache-hhn1522-HHN',
245 verbose headers   'x-cache': 'MISS',
245 verbose headers   'x-cache-hits': '0',
245 verbose headers   'x-timer': 'S1488633054.364147,VS0,VE2',
245 verbose headers   vary: 'Accept-Encoding' }
246 silly get cb [ 200,
246 silly get   { server: 'nginx/1.10.1',
246 silly get     'content-type': 'application/json',
246 silly get     'last-modified': 'Wed, 01 Mar 2017 06:43:56 GMT',
246 silly get     etag: 'W/"58b66dac-5c12"',
246 silly get     'content-encoding': 'gzip',
246 silly get     'cache-control': 'max-age=300',
246 silly get     'content-length': '4168',
246 silly get     'accept-ranges': 'bytes',
246 silly get     date: 'Sat, 04 Mar 2017 13:10:54 GMT',
246 silly get     via: '1.1 varnish',
246 silly get     age: '0',
246 silly get     connection: 'keep-alive',
246 silly get     'x-served-by': 'cache-hhn1522-HHN',
246 silly get     'x-cache': 'MISS',
246 silly get     'x-cache-hits': '0',
246 silly get     'x-timer': 'S1488633054.364147,VS0,VE2',
246 silly get     vary: 'Accept-Encoding' } ]
247 verbose get saving gulp-requirejs-optimize to C:\Users\User\AppData\Roaming\npm-cache\registry.npmjs.org\gulp-requirejs-optimize\.cache.json
248 verbose correctMkdir C:\Users\User\AppData\Roaming\npm-cache correctMkdir not in flight; initializing
249 http 200 https://registry.npmjs.org/gulp-clean-css
250 verbose headers { server: 'nginx/1.10.1',
250 verbose headers   'content-type': 'application/json',
250 verbose headers   'last-modified': 'Fri, 03 Mar 2017 12:38:13 GMT',
250 verbose headers   etag: 'W/"58b963b5-e5e7"',
250 verbose headers   'content-encoding': 'gzip',
250 verbose headers   'cache-control': 'max-age=300',
250 verbose headers   'content-length': '7104',
250 verbose headers   'accept-ranges': 'bytes',
250 verbose headers   date: 'Sat, 04 Mar 2017 13:10:54 GMT',
250 verbose headers   via: '1.1 varnish',
250 verbose headers   age: '180',
250 verbose headers   connection: 'keep-alive',
250 verbose headers   'x-served-by': 'cache-hhn1527-HHN',
250 verbose headers   'x-cache': 'HIT',
250 verbose headers   'x-cache-hits': '1',
250 verbose headers   'x-timer': 'S1488633054.361407,VS0,VE0',
250 verbose headers   vary: 'Accept-Encoding' }
251 silly get cb [ 200,
251 silly get   { server: 'nginx/1.10.1',
251 silly get     'content-type': 'application/json',
251 silly get     'last-modified': 'Fri, 03 Mar 2017 12:38:13 GMT',
251 silly get     etag: 'W/"58b963b5-e5e7"',
251 silly get     'content-encoding': 'gzip',
251 silly get     'cache-control': 'max-age=300',
251 silly get     'content-length': '7104',
251 silly get     'accept-ranges': 'bytes',
251 silly get     date: 'Sat, 04 Mar 2017 13:10:54 GMT',
251 silly get     via: '1.1 varnish',
251 silly get     age: '180',
251 silly get     connection: 'keep-alive',
251 silly get     'x-served-by': 'cache-hhn1527-HHN',
251 silly get     'x-cache': 'HIT',
251 silly get     'x-cache-hits': '1',
251 silly get     'x-timer': 'S1488633054.361407,VS0,VE0',
251 silly get     vary: 'Accept-Encoding' } ]
252 verbose get saving gulp-clean-css to C:\Users\User\AppData\Roaming\npm-cache\registry.npmjs.org\gulp-clean-css\.cache.json
253 verbose correctMkdir C:\Users\User\AppData\Roaming\npm-cache correctMkdir not in flight; initializing
254 http 200 https://registry.npmjs.org/node-static
255 verbose headers { server: 'nginx/1.10.1',
255 verbose headers   'content-type': 'application/json',
255 verbose headers   'last-modified': 'Thu, 02 Mar 2017 12:39:57 GMT',
255 verbose headers   etag: 'W/"58b8129d-90e8"',
255 verbose headers   'content-encoding': 'gzip',
255 verbose headers   'cache-control': 'max-age=300',
255 verbose headers   'content-length': '5332',
255 verbose headers   'accept-ranges': 'bytes',
255 verbose headers   date: 'Sat, 04 Mar 2017 13:10:54 GMT',
255 verbose headers   via: '1.1 varnish',
255 verbose headers   age: '227',
255 verbose headers   connection: 'keep-alive',
255 verbose headers   'x-served-by': 'cache-hhn1537-HHN',
255 verbose headers   'x-cache': 'HIT',
255 verbose headers   'x-cache-hits': '1',
255 verbose headers   'x-timer': 'S1488633054.363123,VS0,VE0',
255 verbose headers   vary: 'Accept-Encoding' }
256 silly get cb [ 200,
256 silly get   { server: 'nginx/1.10.1',
256 silly get     'content-type': 'application/json',
256 silly get     'last-modified': 'Thu, 02 Mar 2017 12:39:57 GMT',
256 silly get     etag: 'W/"58b8129d-90e8"',
256 silly get     'content-encoding': 'gzip',
256 silly get     'cache-control': 'max-age=300',
256 silly get     'content-length': '5332',
256 silly get     'accept-ranges': 'bytes',
256 silly get     date: 'Sat, 04 Mar 2017 13:10:54 GMT',
256 silly get     via: '1.1 varnish',
256 silly get     age: '227',
256 silly get     connection: 'keep-alive',
256 silly get     'x-served-by': 'cache-hhn1537-HHN',
256 silly get     'x-cache': 'HIT',
256 silly get     'x-cache-hits': '1',
256 silly get     'x-timer': 'S1488633054.363123,VS0,VE0',
256 silly get     vary: 'Accept-Encoding' } ]
257 verbose get saving node-static to C:\Users\User\AppData\Roaming\npm-cache\registry.npmjs.org\node-static\.cache.json
258 verbose correctMkdir C:\Users\User\AppData\Roaming\npm-cache correctMkdir not in flight; initializing
259 http 200 https://registry.npmjs.org/yo
260 verbose headers { server: 'nginx/1.10.1',
260 verbose headers   'content-type': 'application/json',
260 verbose headers   'last-modified': 'Thu, 02 Mar 2017 07:05:25 GMT',
260 verbose headers   etag: 'W/"58b7c435-116ad"',
260 verbose headers   'content-encoding': 'gzip',
260 verbose headers   'cache-control': 'max-age=300',
260 verbose headers   'content-length': '9759',
260 verbose headers   'accept-ranges': 'bytes',
260 verbose headers   date: 'Sat, 04 Mar 2017 13:10:54 GMT',
260 verbose headers   via: '1.1 varnish',
260 verbose headers   age: '247',
260 verbose headers   connection: 'keep-alive',
260 verbose headers   'x-served-by': 'cache-hhn1521-HHN',
260 verbose headers   'x-cache': 'HIT',
260 verbose headers   'x-cache-hits': '1',
260 verbose headers   'x-timer': 'S1488633054.359179,VS0,VE0',
260 verbose headers   vary: 'Accept-Encoding' }
261 silly get cb [ 200,
261 silly get   { server: 'nginx/1.10.1',
261 silly get     'content-type': 'application/json',
261 silly get     'last-modified': 'Thu, 02 Mar 2017 07:05:25 GMT',
261 silly get     etag: 'W/"58b7c435-116ad"',
261 silly get     'content-encoding': 'gzip',
261 silly get     'cache-control': 'max-age=300',
261 silly get     'content-length': '9759',
261 silly get     'accept-ranges': 'bytes',
261 silly get     date: 'Sat, 04 Mar 2017 13:10:54 GMT',
261 silly get     via: '1.1 varnish',
261 silly get     age: '247',
261 silly get     connection: 'keep-alive',
261 silly get     'x-served-by': 'cache-hhn1521-HHN',
261 silly get     'x-cache': 'HIT',
261 silly get     'x-cache-hits': '1',
261 silly get     'x-timer': 'S1488633054.359179,VS0,VE0',
261 silly get     vary: 'Accept-Encoding' } ]
262 verbose get saving yo to C:\Users\User\AppData\Roaming\npm-cache\registry.npmjs.org\yo\.cache.json
263 verbose correctMkdir C:\Users\User\AppData\Roaming\npm-cache correctMkdir not in flight; initializing
264 http 200 https://registry.npmjs.org/gulp-minify-css
265 verbose headers { server: 'nginx/1.10.1',
265 verbose headers   'content-type': 'application/json',
265 verbose headers   'last-modified': 'Thu, 02 Mar 2017 06:28:15 GMT',
265 verbose headers   etag: 'W/"58b7bb7f-10185"',
265 verbose headers   'content-encoding': 'gzip',
265 verbose headers   'cache-control': 'max-age=300',
265 verbose headers   'content-length': '7272',
265 verbose headers   'accept-ranges': 'bytes',
265 verbose headers   date: 'Sat, 04 Mar 2017 13:10:54 GMT',
265 verbose headers   via: '1.1 varnish',
265 verbose headers   age: '110',
265 verbose headers   connection: 'keep-alive',
265 verbose headers   'x-served-by': 'cache-hhn1545-HHN',
265 verbose headers   'x-cache': 'HIT',
265 verbose headers   'x-cache-hits': '1',
265 verbose headers   'x-timer': 'S1488633054.373059,VS0,VE0',
265 verbose headers   vary: 'Accept-Encoding' }
266 silly get cb [ 200,
266 silly get   { server: 'nginx/1.10.1',
266 silly get     'content-type': 'application/json',
266 silly get     'last-modified': 'Thu, 02 Mar 2017 06:28:15 GMT',
266 silly get     etag: 'W/"58b7bb7f-10185"',
266 silly get     'content-encoding': 'gzip',
266 silly get     'cache-control': 'max-age=300',
266 silly get     'content-length': '7272',
266 silly get     'accept-ranges': 'bytes',
266 silly get     date: 'Sat, 04 Mar 2017 13:10:54 GMT',
266 silly get     via: '1.1 varnish',
266 silly get     age: '110',
266 silly get     connection: 'keep-alive',
266 silly get     'x-served-by': 'cache-hhn1545-HHN',
266 silly get     'x-cache': 'HIT',
266 silly get     'x-cache-hits': '1',
266 silly get     'x-timer': 'S1488633054.373059,VS0,VE0',
266 silly get     vary: 'Accept-Encoding' } ]
267 verbose get saving gulp-minify-css to C:\Users\User\AppData\Roaming\npm-cache\registry.npmjs.org\gulp-minify-css\.cache.json
268 verbose correctMkdir C:\Users\User\AppData\Roaming\npm-cache correctMkdir not in flight; initializing
269 http 200 https://registry.npmjs.org/generator-aspnet
270 verbose headers { server: 'nginx/1.10.1',
270 verbose headers   'content-type': 'application/json',
270 verbose headers   'last-modified': 'Tue, 28 Feb 2017 16:35:18 GMT',
270 verbose headers   etag: 'W/"58b5a6c6-1907a"',
270 verbose headers   'content-encoding': 'gzip',
270 verbose headers   'cache-control': 'max-age=300',
270 verbose headers   'content-length': '9907',
270 verbose headers   'accept-ranges': 'bytes',
270 verbose headers   date: 'Sat, 04 Mar 2017 13:10:54 GMT',
270 verbose headers   via: '1.1 varnish',
270 verbose headers   age: '0',
270 verbose headers   connection: 'keep-alive',
270 verbose headers   'x-served-by': 'cache-hhn1540-HHN',
270 verbose headers   'x-cache': 'HIT',
270 verbose headers   'x-cache-hits': '1',
270 verbose headers   'x-timer': 'S1488633054.362070,VS0,VE1',
270 verbose headers   vary: 'Accept-Encoding' }
271 silly get cb [ 200,
271 silly get   { server: 'nginx/1.10.1',
271 silly get     'content-type': 'application/json',
271 silly get     'last-modified': 'Tue, 28 Feb 2017 16:35:18 GMT',
271 silly get     etag: 'W/"58b5a6c6-1907a"',
271 silly get     'content-encoding': 'gzip',
271 silly get     'cache-control': 'max-age=300',
271 silly get     'content-length': '9907',
271 silly get     'accept-ranges': 'bytes',
271 silly get     date: 'Sat, 04 Mar 2017 13:10:54 GMT',
271 silly get     via: '1.1 varnish',
271 silly get     age: '0',
271 silly get     connection: 'keep-alive',
271 silly get     'x-served-by': 'cache-hhn1540-HHN',
271 silly get     'x-cache': 'HIT',
271 silly get     'x-cache-hits': '1',
271 silly get     'x-timer': 'S1488633054.362070,VS0,VE1',
271 silly get     vary: 'Accept-Encoding' } ]
272 verbose get saving generator-aspnet to C:\Users\User\AppData\Roaming\npm-cache\registry.npmjs.org\generator-aspnet\.cache.json
273 verbose correctMkdir C:\Users\User\AppData\Roaming\npm-cache correctMkdir not in flight; initializing
274 http 200 https://registry.npmjs.org/gulp-typescript
275 verbose headers { server: 'nginx/1.10.1',
275 verbose headers   'content-type': 'application/json',
275 verbose headers   'last-modified': 'Thu, 16 Feb 2017 08:34:44 GMT',
275 verbose headers   etag: 'W/"58a56424-1bc65"',
275 verbose headers   'content-encoding': 'gzip',
275 verbose headers   'cache-control': 'max-age=300',
275 verbose headers   'content-length': '12178',
275 verbose headers   'accept-ranges': 'bytes',
275 verbose headers   date: 'Sat, 04 Mar 2017 13:10:54 GMT',
275 verbose headers   via: '1.1 varnish',
275 verbose headers   age: '38',
275 verbose headers   connection: 'keep-alive',
275 verbose headers   'x-served-by': 'cache-hhn1530-HHN',
275 verbose headers   'x-cache': 'HIT',
275 verbose headers   'x-cache-hits': '1',
275 verbose headers   'x-timer': 'S1488633054.367317,VS0,VE0',
275 verbose headers   vary: 'Accept-Encoding' }
276 silly get cb [ 200,
276 silly get   { server: 'nginx/1.10.1',
276 silly get     'content-type': 'application/json',
276 silly get     'last-modified': 'Thu, 16 Feb 2017 08:34:44 GMT',
276 silly get     etag: 'W/"58a56424-1bc65"',
276 silly get     'content-encoding': 'gzip',
276 silly get     'cache-control': 'max-age=300',
276 silly get     'content-length': '12178',
276 silly get     'accept-ranges': 'bytes',
276 silly get     date: 'Sat, 04 Mar 2017 13:10:54 GMT',
276 silly get     via: '1.1 varnish',
276 silly get     age: '38',
276 silly get     connection: 'keep-alive',
276 silly get     'x-served-by': 'cache-hhn1530-HHN',
276 silly get     'x-cache': 'HIT',
276 silly get     'x-cache-hits': '1',
276 silly get     'x-timer': 'S1488633054.367317,VS0,VE0',
276 silly get     vary: 'Accept-Encoding' } ]
277 verbose get saving gulp-typescript to C:\Users\User\AppData\Roaming\npm-cache\registry.npmjs.org\gulp-typescript\.cache.json
278 verbose correctMkdir C:\Users\User\AppData\Roaming\npm-cache correctMkdir not in flight; initializing
279 http 200 https://registry.npmjs.org/less
280 verbose headers { server: 'nginx/1.10.1',
280 verbose headers   'content-type': 'application/json',
280 verbose headers   'last-modified': 'Sat, 04 Mar 2017 00:18:12 GMT',
280 verbose headers   etag: 'W/"58ba07c4-1fc51"',
280 verbose headers   'content-encoding': 'gzip',
280 verbose headers   'cache-control': 'max-age=300',
280 verbose headers   'content-length': '11820',
280 verbose headers   'accept-ranges': 'bytes',
280 verbose headers   date: 'Sat, 04 Mar 2017 13:10:54 GMT',
280 verbose headers   via: '1.1 varnish',
280 verbose headers   age: '292',
280 verbose headers   connection: 'keep-alive',
280 verbose headers   'x-served-by': 'cache-hhn1520-HHN',
280 verbose headers   'x-cache': 'HIT',
280 verbose headers   'x-cache-hits': '2',
280 verbose headers   'x-timer': 'S1488633054.370052,VS0,VE0',
280 verbose headers   vary: 'Accept-Encoding' }
281 silly get cb [ 200,
281 silly get   { server: 'nginx/1.10.1',
281 silly get     'content-type': 'application/json',
281 silly get     'last-modified': 'Sat, 04 Mar 2017 00:18:12 GMT',
281 silly get     etag: 'W/"58ba07c4-1fc51"',
281 silly get     'content-encoding': 'gzip',
281 silly get     'cache-control': 'max-age=300',
281 silly get     'content-length': '11820',
281 silly get     'accept-ranges': 'bytes',
281 silly get     date: 'Sat, 04 Mar 2017 13:10:54 GMT',
281 silly get     via: '1.1 varnish',
281 silly get     age: '292',
281 silly get     connection: 'keep-alive',
281 silly get     'x-served-by': 'cache-hhn1520-HHN',
281 silly get     'x-cache': 'HIT',
281 silly get     'x-cache-hits': '2',
281 silly get     'x-timer': 'S1488633054.370052,VS0,VE0',
281 silly get     vary: 'Accept-Encoding' } ]
282 verbose get saving less to C:\Users\User\AppData\Roaming\npm-cache\registry.npmjs.org\less\.cache.json
283 verbose correctMkdir C:\Users\User\AppData\Roaming\npm-cache correctMkdir not in flight; initializing
284 http 200 https://registry.npmjs.org/aurelia-cli
285 verbose headers { server: 'nginx/1.10.1',
285 verbose headers   'content-type': 'application/json',
285 verbose headers   'last-modified': 'Fri, 03 Mar 2017 17:42:42 GMT',
285 verbose headers   etag: 'W/"58b9ab12-1dc05"',
285 verbose headers   'content-encoding': 'gzip',
285 verbose headers   'cache-control': 'max-age=300',
285 verbose headers   'content-length': '12634',
285 verbose headers   'accept-ranges': 'bytes',
285 verbose headers   date: 'Sat, 04 Mar 2017 13:10:54 GMT',
285 verbose headers   via: '1.1 varnish',
285 verbose headers   age: '0',
285 verbose headers   connection: 'keep-alive',
285 verbose headers   'x-served-by': 'cache-hhn1544-HHN',
285 verbose headers   'x-cache': 'HIT',
285 verbose headers   'x-cache-hits': '1',
285 verbose headers   'x-timer': 'S1488633054.359748,VS0,VE43',
285 verbose headers   vary: 'Accept-Encoding' }
286 silly get cb [ 200,
286 silly get   { server: 'nginx/1.10.1',
286 silly get     'content-type': 'application/json',
286 silly get     'last-modified': 'Fri, 03 Mar 2017 17:42:42 GMT',
286 silly get     etag: 'W/"58b9ab12-1dc05"',
286 silly get     'content-encoding': 'gzip',
286 silly get     'cache-control': 'max-age=300',
286 silly get     'content-length': '12634',
286 silly get     'accept-ranges': 'bytes',
286 silly get     date: 'Sat, 04 Mar 2017 13:10:54 GMT',
286 silly get     via: '1.1 varnish',
286 silly get     age: '0',
286 silly get     connection: 'keep-alive',
286 silly get     'x-served-by': 'cache-hhn1544-HHN',
286 silly get     'x-cache': 'HIT',
286 silly get     'x-cache-hits': '1',
286 silly get     'x-timer': 'S1488633054.359748,VS0,VE43',
286 silly get     vary: 'Accept-Encoding' } ]
287 verbose get saving aurelia-cli to C:\Users\User\AppData\Roaming\npm-cache\registry.npmjs.org\aurelia-cli\.cache.json
288 verbose correctMkdir C:\Users\User\AppData\Roaming\npm-cache correctMkdir not in flight; initializing
289 http 200 https://registry.npmjs.org/browser-sync
290 verbose headers { server: 'nginx/1.10.1',
290 verbose headers   'content-type': 'application/json',
290 verbose headers   'last-modified': 'Fri, 03 Mar 2017 13:21:36 GMT',
290 verbose headers   etag: 'W/"58b96de0-8214b"',
290 verbose headers   'content-encoding': 'gzip',
290 verbose headers   'cache-control': 'max-age=300',
290 verbose headers   'content-length': '29172',
290 verbose headers   'accept-ranges': 'bytes',
290 verbose headers   date: 'Sat, 04 Mar 2017 13:10:54 GMT',
290 verbose headers   via: '1.1 varnish',
290 verbose headers   age: '31',
290 verbose headers   connection: 'keep-alive',
290 verbose headers   'x-served-by': 'cache-hhn1542-HHN',
290 verbose headers   'x-cache': 'HIT',
290 verbose headers   'x-cache-hits': '464',
290 verbose headers   'x-timer': 'S1488633054.333483,VS0,VE0',
290 verbose headers   vary: 'Accept-Encoding' }
291 silly get cb [ 200,
291 silly get   { server: 'nginx/1.10.1',
291 silly get     'content-type': 'application/json',
291 silly get     'last-modified': 'Fri, 03 Mar 2017 13:21:36 GMT',
291 silly get     etag: 'W/"58b96de0-8214b"',
291 silly get     'content-encoding': 'gzip',
291 silly get     'cache-control': 'max-age=300',
291 silly get     'content-length': '29172',
291 silly get     'accept-ranges': 'bytes',
291 silly get     date: 'Sat, 04 Mar 2017 13:10:54 GMT',
291 silly get     via: '1.1 varnish',
291 silly get     age: '31',
291 silly get     connection: 'keep-alive',
291 silly get     'x-served-by': 'cache-hhn1542-HHN',
291 silly get     'x-cache': 'HIT',
291 silly get     'x-cache-hits': '464',
291 silly get     'x-timer': 'S1488633054.333483,VS0,VE0',
291 silly get     vary: 'Accept-Encoding' } ]
292 verbose get saving browser-sync to C:\Users\User\AppData\Roaming\npm-cache\registry.npmjs.org\browser-sync\.cache.json
293 verbose correctMkdir C:\Users\User\AppData\Roaming\npm-cache correctMkdir not in flight; initializing
294 http 200 https://registry.npmjs.org/bower
295 verbose headers { server: 'nginx/1.10.1',
295 verbose headers   'content-type': 'application/json',
295 verbose headers   'last-modified': 'Thu, 02 Mar 2017 00:17:42 GMT',
295 verbose headers   etag: 'W/"58b764a6-2ae91"',
295 verbose headers   'content-encoding': 'gzip',
295 verbose headers   'cache-control': 'max-age=300',
295 verbose headers   'content-length': '16573',
295 verbose headers   'accept-ranges': 'bytes',
295 verbose headers   date: 'Sat, 04 Mar 2017 13:10:54 GMT',
295 verbose headers   via: '1.1 varnish',
295 verbose headers   age: '59',
295 verbose headers   connection: 'keep-alive',
295 verbose headers   'x-served-by': 'cache-hhn1535-HHN',
295 verbose headers   'x-cache': 'HIT',
295 verbose headers   'x-cache-hits': '1',
295 verbose headers   'x-timer': 'S1488633054.468030,VS0,VE0',
295 verbose headers   vary: 'Accept-Encoding' }
296 silly get cb [ 200,
296 silly get   { server: 'nginx/1.10.1',
296 silly get     'content-type': 'application/json',
296 silly get     'last-modified': 'Thu, 02 Mar 2017 00:17:42 GMT',
296 silly get     etag: 'W/"58b764a6-2ae91"',
296 silly get     'content-encoding': 'gzip',
296 silly get     'cache-control': 'max-age=300',
296 silly get     'content-length': '16573',
296 silly get     'accept-ranges': 'bytes',
296 silly get     date: 'Sat, 04 Mar 2017 13:10:54 GMT',
296 silly get     via: '1.1 varnish',
296 silly get     age: '59',
296 silly get     connection: 'keep-alive',
296 silly get     'x-served-by': 'cache-hhn1535-HHN',
296 silly get     'x-cache': 'HIT',
296 silly get     'x-cache-hits': '1',
296 silly get     'x-timer': 'S1488633054.468030,VS0,VE0',
296 silly get     vary: 'Accept-Encoding' } ]
297 verbose get saving bower to C:\Users\User\AppData\Roaming\npm-cache\registry.npmjs.org\bower\.cache.json
298 verbose correctMkdir C:\Users\User\AppData\Roaming\npm-cache correctMkdir not in flight; initializing
299 http 200 https://registry.npmjs.org/express
300 verbose headers { server: 'nginx/1.10.1',
300 verbose headers   'content-type': 'application/json',
300 verbose headers   'last-modified': 'Sat, 04 Mar 2017 01:30:51 GMT',
300 verbose headers   etag: 'W/"58ba18cb-88ffa"',
300 verbose headers   'content-encoding': 'gzip',
300 verbose headers   'cache-control': 'max-age=300',
300 verbose headers   'content-length': '42469',
300 verbose headers   'accept-ranges': 'bytes',
300 verbose headers   date: 'Sat, 04 Mar 2017 13:10:54 GMT',
300 verbose headers   via: '1.1 varnish',
300 verbose headers   age: '255',
300 verbose headers   connection: 'keep-alive',
300 verbose headers   'x-served-by': 'cache-hhn1533-HHN',
300 verbose headers   'x-cache': 'HIT',
300 verbose headers   'x-cache-hits': '7',
300 verbose headers   'x-timer': 'S1488633054.358372,VS0,VE0',
300 verbose headers   vary: 'Accept-Encoding' }
301 silly get cb [ 200,
301 silly get   { server: 'nginx/1.10.1',
301 silly get     'content-type': 'application/json',
301 silly get     'last-modified': 'Sat, 04 Mar 2017 01:30:51 GMT',
301 silly get     etag: 'W/"58ba18cb-88ffa"',
301 silly get     'content-encoding': 'gzip',
301 silly get     'cache-control': 'max-age=300',
301 silly get     'content-length': '42469',
301 silly get     'accept-ranges': 'bytes',
301 silly get     date: 'Sat, 04 Mar 2017 13:10:54 GMT',
301 silly get     via: '1.1 varnish',
301 silly get     age: '255',
301 silly get     connection: 'keep-alive',
301 silly get     'x-served-by': 'cache-hhn1533-HHN',
301 silly get     'x-cache': 'HIT',
301 silly get     'x-cache-hits': '7',
301 silly get     'x-timer': 'S1488633054.358372,VS0,VE0',
301 silly get     vary: 'Accept-Encoding' } ]
302 verbose get saving express to C:\Users\User\AppData\Roaming\npm-cache\registry.npmjs.org\express\.cache.json
303 verbose correctMkdir C:\Users\User\AppData\Roaming\npm-cache correctMkdir not in flight; initializing
304 http 200 https://registry.npmjs.org/typescript
305 verbose headers { server: 'nginx/1.10.1',
305 verbose headers   'content-type': 'application/json',
305 verbose headers   'last-modified': 'Sat, 04 Mar 2017 10:57:14 GMT',
305 verbose headers   etag: 'W/"58ba9d8a-1566a8"',
305 verbose headers   'content-encoding': 'gzip',
305 verbose headers   'cache-control': 'max-age=300',
305 verbose headers   'content-length': '70657',
305 verbose headers   'accept-ranges': 'bytes',
305 verbose headers   date: 'Sat, 04 Mar 2017 13:10:54 GMT',
305 verbose headers   via: '1.1 varnish',
305 verbose headers   age: '80',
305 verbose headers   connection: 'keep-alive',
305 verbose headers   'x-served-by': 'cache-hhn1542-HHN',
305 verbose headers   'x-cache': 'HIT',
305 verbose headers   'x-cache-hits': '4',
305 verbose headers   'x-timer': 'S1488633054.358803,VS0,VE0',
305 verbose headers   vary: 'Accept-Encoding' }
306 silly get cb [ 200,
306 silly get   { server: 'nginx/1.10.1',
306 silly get     'content-type': 'application/json',
306 silly get     'last-modified': 'Sat, 04 Mar 2017 10:57:14 GMT',
306 silly get     etag: 'W/"58ba9d8a-1566a8"',
306 silly get     'content-encoding': 'gzip',
306 silly get     'cache-control': 'max-age=300',
306 silly get     'content-length': '70657',
306 silly get     'accept-ranges': 'bytes',
306 silly get     date: 'Sat, 04 Mar 2017 13:10:54 GMT',
306 silly get     via: '1.1 varnish',
306 silly get     age: '80',
306 silly get     connection: 'keep-alive',
306 silly get     'x-served-by': 'cache-hhn1542-HHN',
306 silly get     'x-cache': 'HIT',
306 silly get     'x-cache-hits': '4',
306 silly get     'x-timer': 'S1488633054.358803,VS0,VE0',
306 silly get     vary: 'Accept-Encoding' } ]
307 verbose get saving typescript to C:\Users\User\AppData\Roaming\npm-cache\registry.npmjs.org\typescript\.cache.json
308 verbose correctMkdir C:\Users\User\AppData\Roaming\npm-cache correctMkdir not in flight; initializing
309 http 404 https://registry.npmjs.org/generor-aurelia
310 verbose headers { 'content-type': 'application/json',
310 verbose headers   'cache-control': 'max-age=0',
310 verbose headers   'content-length': '2',
310 verbose headers   'accept-ranges': 'bytes',
310 verbose headers   date: 'Sat, 04 Mar 2017 13:10:55 GMT',
310 verbose headers   via: '1.1 varnish',
310 verbose headers   age: '0',
310 verbose headers   connection: 'keep-alive',
310 verbose headers   'x-served-by': 'cache-hhn1531-HHN',
310 verbose headers   'x-cache': 'MISS',
310 verbose headers   'x-cache-hits': '0',
310 verbose headers   'x-timer': 'S1488633054.361894,VS0,VE694',
310 verbose headers   vary: 'Accept-Encoding' }
311 silly get cb [ 404,
311 silly get   { 'content-type': 'application/json',
311 silly get     'cache-control': 'max-age=0',
311 silly get     'content-length': '2',
311 silly get     'accept-ranges': 'bytes',
311 silly get     date: 'Sat, 04 Mar 2017 13:10:55 GMT',
311 silly get     via: '1.1 varnish',
311 silly get     age: '0',
311 silly get     connection: 'keep-alive',
311 silly get     'x-served-by': 'cache-hhn1531-HHN',
311 silly get     'x-cache': 'MISS',
311 silly get     'x-cache-hits': '0',
311 silly get     'x-timer': 'S1488633054.361894,VS0,VE694',
311 silly get     vary: 'Accept-Encoding' } ]
312 silly fetchPackageMetaData Error: Registry returned 404 for GET on https://registry.npmjs.org/generor-aurelia
312 silly fetchPackageMetaData     at makeError (C:\Program Files\nodejs\node_modules\npm\node_modules\npm-registry-client\lib\request.js:302:12)
312 silly fetchPackageMetaData     at CachingRegistryClient.<anonymous> (C:\Program Files\nodejs\node_modules\npm\node_modules\npm-registry-client\lib\request.js:280:14)
312 silly fetchPackageMetaData     at Request._callback (C:\Program Files\nodejs\node_modules\npm\node_modules\npm-registry-client\lib\request.js:210:14)
312 silly fetchPackageMetaData     at Request.self.callback (C:\Program Files\nodejs\node_modules\npm\node_modules\request\request.js:187:22)
312 silly fetchPackageMetaData     at emitTwo (events.js:106:13)
312 silly fetchPackageMetaData     at Request.emit (events.js:191:7)
312 silly fetchPackageMetaData     at Request.<anonymous> (C:\Program Files\nodejs\node_modules\npm\node_modules\request\request.js:1048:10)
312 silly fetchPackageMetaData     at emitOne (events.js:96:13)
312 silly fetchPackageMetaData     at Request.emit (events.js:188:7)
312 silly fetchPackageMetaData     at IncomingMessage.<anonymous> (C:\Program Files\nodejs\node_modules\npm\node_modules\request\request.js:969:12)
312 silly fetchPackageMetaData  error for generor-aurelia { Error: Registry returned 404 for GET on https://registry.npmjs.org/generor-aurelia
312 silly fetchPackageMetaData     at makeError (C:\Program Files\nodejs\node_modules\npm\node_modules\npm-registry-client\lib\request.js:302:12)
312 silly fetchPackageMetaData     at CachingRegistryClient.<anonymous> (C:\Program Files\nodejs\node_modules\npm\node_modules\npm-registry-client\lib\request.js:280:14)
312 silly fetchPackageMetaData     at Request._callback (C:\Program Files\nodejs\node_modules\npm\node_modules\npm-registry-client\lib\request.js:210:14)
312 silly fetchPackageMetaData     at Request.self.callback (C:\Program Files\nodejs\node_modules\npm\node_modules\request\request.js:187:22)
312 silly fetchPackageMetaData     at emitTwo (events.js:106:13)
312 silly fetchPackageMetaData     at Request.emit (events.js:191:7)
312 silly fetchPackageMetaData     at Request.<anonymous> (C:\Program Files\nodejs\node_modules\npm\node_modules\request\request.js:1048:10)
312 silly fetchPackageMetaData     at emitOne (events.js:96:13)
312 silly fetchPackageMetaData     at Request.emit (events.js:188:7)
312 silly fetchPackageMetaData     at IncomingMessage.<anonymous> (C:\Program Files\nodejs\node_modules\npm\node_modules\request\request.js:969:12) pkgid: 'generor-aurelia', statusCode: 404, code: 'E404' }
313 silly rollbackFailedOptional Starting
314 silly rollbackFailedOptional Finishing
315 silly runTopLevelLifecycles Finishing
316 silly install printInstalled
317 verbose stack Error: Registry returned 404 for GET on https://registry.npmjs.org/generor-aurelia
317 verbose stack     at makeError (C:\Program Files\nodejs\node_modules\npm\node_modules\npm-registry-client\lib\request.js:302:12)
317 verbose stack     at CachingRegistryClient.<anonymous> (C:\Program Files\nodejs\node_modules\npm\node_modules\npm-registry-client\lib\request.js:280:14)
317 verbose stack     at Request._callback (C:\Program Files\nodejs\node_modules\npm\node_modules\npm-registry-client\lib\request.js:210:14)
317 verbose stack     at Request.self.callback (C:\Program Files\nodejs\node_modules\npm\node_modules\request\request.js:187:22)
317 verbose stack     at emitTwo (events.js:106:13)
317 verbose stack     at Request.emit (events.js:191:7)
317 verbose stack     at Request.<anonymous> (C:\Program Files\nodejs\node_modules\npm\node_modules\request\request.js:1048:10)
317 verbose stack     at emitOne (events.js:96:13)
317 verbose stack     at Request.emit (events.js:188:7)
317 verbose stack     at IncomingMessage.<anonymous> (C:\Program Files\nodejs\node_modules\npm\node_modules\request\request.js:969:12)
318 verbose statusCode 404
319 verbose pkgid generor-aurelia
320 verbose cwd C:\Users\User\Desktop\vitalik_progect
321 error Windows_NT 10.0.10240
322 error argv "C:\\Program Files\\nodejs\\node.exe" "C:\\Program Files\\nodejs\\node_modules\\npm\\bin\\npm-cli.js" "i" "gulp-less" "gulp-clean-css" "browser-sync" "gulp-typescript" "gulp-concat" "gulp-requirejs-optimize" "gulp-uglify" "gulp-minify-css" "less" "express" "typescript" "gulp-sourcemaps" "gulp-autoprefixer" "bower" "aurelia-cli" "yo" "generor-aurelia" "generator-aspnet" "node-static"
323 error node v6.10.0
324 error npm  v3.10.10
325 error code E404
326 error 404 Registry returned 404 for GET on https://registry.npmjs.org/generor-aurelia
327 error 404
328 error 404 'generor-aurelia' is not in the npm registry.
329 error 404 You should bug the author to publish it (or use the name yourself!)
330 error 404 Note that you can also install from a
331 error 404 tarball, folder, http url, or git url.
332 verbose exit [ 1, true ]
